{"name": "при создании нового заказа счётчик Выполнено за всё время увеличивается,", "status": "broken", "statusDetails": {"message": "selenium.common.exceptions.TimeoutException: Message: \nStacktrace:\n\tGetHandleVerifier [0x00007FF7BB7D3AB5+28005]\n\t(No symbol) [0x00007FF7BB7383B0]\n\t(No symbol) [0x00007FF7BB5D580A]\n\t(No symbol) [0x00007FF7BB625A3E]\n\t(No symbol) [0x00007FF7BB625D2C]\n\t(No symbol) [0x00007FF7BB66EA97]\n\t(No symbol) [0x00007FF7BB64BA7F]\n\t(No symbol) [0x00007FF7BB66B8B3]\n\t(No symbol) [0x00007FF7BB64B7E3]\n\t(No symbol) [0x00007FF7BB6175C8]\n\t(No symbol) [0x00007FF7BB618731]\n\tGetHandleVerifier [0x00007FF7BBAC643D+3118829]\n\tGetHandleVerifier [0x00007FF7BBB16C90+3448640]\n\tGetHandleVerifier [0x00007FF7BBB0CF0D+3408317]\n\tGetHandleVerifier [0x00007FF7BB89A40B+841403]\n\t(No symbol) [0x00007FF7BB74340F]\n\t(No symbol) [0x00007FF7BB73F484]\n\t(No symbol) [0x00007FF7BB73F61D]\n\t(No symbol) [0x00007FF7BB72EB79]\n\tBaseThreadInitThunk [0x00007FFB62457374+20]\n\tRtlUserThreadStart [0x00007FFB6373CC91+33]", "trace": "self = <tests.test_order.TestOrder object at 0x0000026DBE241B80>, driver = <selenium.webdriver.chrome.webdriver.WebDriver (session=\"c47e1b254f01d61f247fb1785665791f\")>\n\n    @allure.title('при создании нового заказа счётчик Выполнено за всё время увеличивается,')\n    def test_total_counter_order(self, driver):\n        login = LoginPage(driver)\n>       login.login(\"gismo513@mail.ru\", \"123456789\")\n\ntests\\test_order.py:42: \n_ _ _ _ _ _ _ _ _ _ _ _ _ _ _ _ _ _ _ _ _ _ _ _ _ _ _ _ _ _ _ _ _ _ _ _ _ _ _ _ _ _ _ _ _ _ _ _ _ _ _ _ _ _ _ _ _ _ _ _ _ _ _ _ _ _ _ _ _ _ _ _ _ _ _ _ _ _ _ _ _ _ _ _ _ _ _ _ _ _ _ _ _ _ _ _ _ _ _ _ _ _ _ _ _ _ _ _ _ _ _ _ _ _ _ _\npages\\login_page.py:26: in login\n    self.input_email(email)\npages\\login_page.py:10: in input_email\n    self.set_text_to_elemet(LogLocators.EMAIL_INPUT, email)\npages\\base_page.py:33: in set_text_to_elemet\n    element = self.find_element_with_wait(locator)\npages\\base_page.py:18: in find_element_with_wait\n    WebDriverWait(self.driver, 15).until(EC.visibility_of_element_located(locator))\n_ _ _ _ _ _ _ _ _ _ _ _ _ _ _ _ _ _ _ _ _ _ _ _ _ _ _ _ _ _ _ _ _ _ _ _ _ _ _ _ _ _ _ _ _ _ _ _ _ _ _ _ _ _ _ _ _ _ _ _ _ _ _ _ _ _ _ _ _ _ _ _ _ _ _ _ _ _ _ _ _ _ _ _ _ _ _ _ _ _ _ _ _ _ _ _ _ _ _ _ _ _ _ _ _ _ _ _ _ _ _ _ _ _ _ _\n\nself = <selenium.webdriver.support.wait.WebDriverWait (session=\"c47e1b254f01d61f247fb1785665791f\")>, method = <function visibility_of_element_located.<locals>._predicate at 0x0000026DBE438A40>, message = ''\n\n    def until(self, method: Callable[[D], Union[Literal[False], T]], message: str = \"\") -> T:\n        \"\"\"Calls the method provided with the driver as an argument until the \\\n        return value does not evaluate to ``False``.\n    \n        :param method: callable(WebDriver)\n        :param message: optional message for :exc:`TimeoutException`\n        :returns: the result of the last call to `method`\n        :raises: :exc:`selenium.common.exceptions.TimeoutException` if timeout occurs\n        \"\"\"\n        screen = None\n        stacktrace = None\n    \n        end_time = time.monotonic() + self._timeout\n        while True:\n            try:\n                value = method(self._driver)\n                if value:\n                    return value\n            except self._ignored_exceptions as exc:\n                screen = getattr(exc, \"screen\", None)\n                stacktrace = getattr(exc, \"stacktrace\", None)\n            time.sleep(self._poll)\n            if time.monotonic() > end_time:\n                break\n>       raise TimeoutException(message, screen, stacktrace)\nE       selenium.common.exceptions.TimeoutException: Message: \nE       Stacktrace:\nE       \tGetHandleVerifier [0x00007FF7BB7D3AB5+28005]\nE       \t(No symbol) [0x00007FF7BB7383B0]\nE       \t(No symbol) [0x00007FF7BB5D580A]\nE       \t(No symbol) [0x00007FF7BB625A3E]\nE       \t(No symbol) [0x00007FF7BB625D2C]\nE       \t(No symbol) [0x00007FF7BB66EA97]\nE       \t(No symbol) [0x00007FF7BB64BA7F]\nE       \t(No symbol) [0x00007FF7BB66B8B3]\nE       \t(No symbol) [0x00007FF7BB64B7E3]\nE       \t(No symbol) [0x00007FF7BB6175C8]\nE       \t(No symbol) [0x00007FF7BB618731]\nE       \tGetHandleVerifier [0x00007FF7BBAC643D+3118829]\nE       \tGetHandleVerifier [0x00007FF7BBB16C90+3448640]\nE       \tGetHandleVerifier [0x00007FF7BBB0CF0D+3408317]\nE       \tGetHandleVerifier [0x00007FF7BB89A40B+841403]\nE       \t(No symbol) [0x00007FF7BB74340F]\nE       \t(No symbol) [0x00007FF7BB73F484]\nE       \t(No symbol) [0x00007FF7BB73F61D]\nE       \t(No symbol) [0x00007FF7BB72EB79]\nE       \tBaseThreadInitThunk [0x00007FFB62457374+20]\nE       \tRtlUserThreadStart [0x00007FFB6373CC91+33]\n\n..\\..\\..\\..\\AppData\\Local\\Programs\\Python\\Python312\\Lib\\site-packages\\selenium\\webdriver\\support\\wait.py:105: TimeoutException"}, "steps": [{"name": "Ввод email", "status": "broken", "statusDetails": {"message": "selenium.common.exceptions.TimeoutException: Message: \nStacktrace:\n\tGetHandleVerifier [0x00007FF7BB7D3AB5+28005]\n\t(No symbol) [0x00007FF7BB7383B0]\n\t(No symbol) [0x00007FF7BB5D580A]\n\t(No symbol) [0x00007FF7BB625A3E]\n\t(No symbol) [0x00007FF7BB625D2C]\n\t(No symbol) [0x00007FF7BB66EA97]\n\t(No symbol) [0x00007FF7BB64BA7F]\n\t(No symbol) [0x00007FF7BB66B8B3]\n\t(No symbol) [0x00007FF7BB64B7E3]\n\t(No symbol) [0x00007FF7BB6175C8]\n\t(No symbol) [0x00007FF7BB618731]\n\tGetHandleVerifier [0x00007FF7BBAC643D+3118829]\n\tGetHandleVerifier [0x00007FF7BBB16C90+3448640]\n\tGetHandleVerifier [0x00007FF7BBB0CF0D+3408317]\n\tGetHandleVerifier [0x00007FF7BB89A40B+841403]\n\t(No symbol) [0x00007FF7BB74340F]\n\t(No symbol) [0x00007FF7BB73F484]\n\t(No symbol) [0x00007FF7BB73F61D]\n\t(No symbol) [0x00007FF7BB72EB79]\n\tBaseThreadInitThunk [0x00007FFB62457374+20]\n\tRtlUserThreadStart [0x00007FFB6373CC91+33]\n\n", "trace": "  File \"C:\\Users\\Home PC\\AppData\\Local\\Programs\\Python\\Python312\\Lib\\site-packages\\allure_commons\\_allure.py\", line 192, in impl\n    return func(*a, **kw)\n           ^^^^^^^^^^^^^^\n  File \"C:\\Users\\Home PC\\Desktop\\Auto QA\\Diplom\\Diplom_3.0.0\\pages\\login_page.py\", line 10, in input_email\n    self.set_text_to_elemet(LogLocators.EMAIL_INPUT, email)\n  File \"C:\\Users\\Home PC\\AppData\\Local\\Programs\\Python\\Python312\\Lib\\site-packages\\allure_commons\\_allure.py\", line 192, in impl\n    return func(*a, **kw)\n           ^^^^^^^^^^^^^^\n  File \"C:\\Users\\Home PC\\Desktop\\Auto QA\\Diplom\\Diplom_3.0.0\\pages\\base_page.py\", line 33, in set_text_to_elemet\n    element = self.find_element_with_wait(locator)\n              ^^^^^^^^^^^^^^^^^^^^^^^^^^^^^^^^^^^^\n  File \"C:\\Users\\Home PC\\AppData\\Local\\Programs\\Python\\Python312\\Lib\\site-packages\\allure_commons\\_allure.py\", line 192, in impl\n    return func(*a, **kw)\n           ^^^^^^^^^^^^^^\n  File \"C:\\Users\\Home PC\\Desktop\\Auto QA\\Diplom\\Diplom_3.0.0\\pages\\base_page.py\", line 18, in find_element_with_wait\n    WebDriverWait(self.driver, 15).until(EC.visibility_of_element_located(locator))\n  File \"C:\\Users\\Home PC\\AppData\\Local\\Programs\\Python\\Python312\\Lib\\site-packages\\selenium\\webdriver\\support\\wait.py\", line 105, in until\n    raise TimeoutException(message, screen, stacktrace)\n"}, "steps": [{"name": "Установить текст", "status": "broken", "statusDetails": {"message": "selenium.common.exceptions.TimeoutException: Message: \nStacktrace:\n\tGetHandleVerifier [0x00007FF7BB7D3AB5+28005]\n\t(No symbol) [0x00007FF7BB7383B0]\n\t(No symbol) [0x00007FF7BB5D580A]\n\t(No symbol) [0x00007FF7BB625A3E]\n\t(No symbol) [0x00007FF7BB625D2C]\n\t(No symbol) [0x00007FF7BB66EA97]\n\t(No symbol) [0x00007FF7BB64BA7F]\n\t(No symbol) [0x00007FF7BB66B8B3]\n\t(No symbol) [0x00007FF7BB64B7E3]\n\t(No symbol) [0x00007FF7BB6175C8]\n\t(No symbol) [0x00007FF7BB618731]\n\tGetHandleVerifier [0x00007FF7BBAC643D+3118829]\n\tGetHandleVerifier [0x00007FF7BBB16C90+3448640]\n\tGetHandleVerifier [0x00007FF7BBB0CF0D+3408317]\n\tGetHandleVerifier [0x00007FF7BB89A40B+841403]\n\t(No symbol) [0x00007FF7BB74340F]\n\t(No symbol) [0x00007FF7BB73F484]\n\t(No symbol) [0x00007FF7BB73F61D]\n\t(No symbol) [0x00007FF7BB72EB79]\n\tBaseThreadInitThunk [0x00007FFB62457374+20]\n\tRtlUserThreadStart [0x00007FFB6373CC91+33]\n\n", "trace": "  File \"C:\\Users\\Home PC\\AppData\\Local\\Programs\\Python\\Python312\\Lib\\site-packages\\allure_commons\\_allure.py\", line 192, in impl\n    return func(*a, **kw)\n           ^^^^^^^^^^^^^^\n  File \"C:\\Users\\Home PC\\Desktop\\Auto QA\\Diplom\\Diplom_3.0.0\\pages\\base_page.py\", line 33, in set_text_to_elemet\n    element = self.find_element_with_wait(locator)\n              ^^^^^^^^^^^^^^^^^^^^^^^^^^^^^^^^^^^^\n  File \"C:\\Users\\Home PC\\AppData\\Local\\Programs\\Python\\Python312\\Lib\\site-packages\\allure_commons\\_allure.py\", line 192, in impl\n    return func(*a, **kw)\n           ^^^^^^^^^^^^^^\n  File \"C:\\Users\\Home PC\\Desktop\\Auto QA\\Diplom\\Diplom_3.0.0\\pages\\base_page.py\", line 18, in find_element_with_wait\n    WebDriverWait(self.driver, 15).until(EC.visibility_of_element_located(locator))\n  File \"C:\\Users\\Home PC\\AppData\\Local\\Programs\\Python\\Python312\\Lib\\site-packages\\selenium\\webdriver\\support\\wait.py\", line 105, in until\n    raise TimeoutException(message, screen, stacktrace)\n"}, "steps": [{"name": "Найти элемент с ожиданием", "status": "broken", "statusDetails": {"message": "selenium.common.exceptions.TimeoutException: Message: \nStacktrace:\n\tGetHandleVerifier [0x00007FF7BB7D3AB5+28005]\n\t(No symbol) [0x00007FF7BB7383B0]\n\t(No symbol) [0x00007FF7BB5D580A]\n\t(No symbol) [0x00007FF7BB625A3E]\n\t(No symbol) [0x00007FF7BB625D2C]\n\t(No symbol) [0x00007FF7BB66EA97]\n\t(No symbol) [0x00007FF7BB64BA7F]\n\t(No symbol) [0x00007FF7BB66B8B3]\n\t(No symbol) [0x00007FF7BB64B7E3]\n\t(No symbol) [0x00007FF7BB6175C8]\n\t(No symbol) [0x00007FF7BB618731]\n\tGetHandleVerifier [0x00007FF7BBAC643D+3118829]\n\tGetHandleVerifier [0x00007FF7BBB16C90+3448640]\n\tGetHandleVerifier [0x00007FF7BBB0CF0D+3408317]\n\tGetHandleVerifier [0x00007FF7BB89A40B+841403]\n\t(No symbol) [0x00007FF7BB74340F]\n\t(No symbol) [0x00007FF7BB73F484]\n\t(No symbol) [0x00007FF7BB73F61D]\n\t(No symbol) [0x00007FF7BB72EB79]\n\tBaseThreadInitThunk [0x00007FFB62457374+20]\n\tRtlUserThreadStart [0x00007FFB6373CC91+33]\n\n", "trace": "  File \"C:\\Users\\Home PC\\AppData\\Local\\Programs\\Python\\Python312\\Lib\\site-packages\\allure_commons\\_allure.py\", line 192, in impl\n    return func(*a, **kw)\n           ^^^^^^^^^^^^^^\n  File \"C:\\Users\\Home PC\\Desktop\\Auto QA\\Diplom\\Diplom_3.0.0\\pages\\base_page.py\", line 18, in find_element_with_wait\n    WebDriverWait(self.driver, 15).until(EC.visibility_of_element_located(locator))\n  File \"C:\\Users\\Home PC\\AppData\\Local\\Programs\\Python\\Python312\\Lib\\site-packages\\selenium\\webdriver\\support\\wait.py\", line 105, in until\n    raise TimeoutException(message, screen, stacktrace)\n"}, "parameters": [{"name": "locator", "value": "['name', 'name']"}], "start": 1730056383652, "stop": 1730056398854}], "parameters": [{"name": "locator", "value": "['name', 'name']"}, {"name": "text", "value": "'gismo513@mail.ru'"}], "start": 1730056383652, "stop": 1730056398854}], "parameters": [{"name": "email", "value": "'gismo513@mail.ru'"}], "start": 1730056383652, "stop": 1730056398854}], "parameters": [{"name": "driver", "value": "'chrome'"}], "start": 1730056383652, "stop": 1730056398854, "uuid": "2224e9ec-fc83-4062-953b-16030a3289f9", "historyId": "87a70a52f84bd5fa7a5d599260fcdaf3", "testCaseId": "88445b2cbe9b7abf374671cfee8fd545", "fullName": "tests.test_order.TestOrder#test_total_counter_order", "labels": [{"name": "parentSuite", "value": "tests"}, {"name": "suite", "value": "test_order"}, {"name": "subSuite", "value": "TestOrder"}, {"name": "host", "value": "DESKTOP-TS1EIDP"}, {"name": "thread", "value": "9664-MainThread"}, {"name": "framework", "value": "pytest"}, {"name": "language", "value": "cpython3"}, {"name": "package", "value": "tests.test_order"}]}