{"name": "Проверка на переход по клику на \"Восстановить\" пароль на странице логина", "status": "broken", "statusDetails": {"message": "selenium.common.exceptions.TimeoutException: Message: \nStacktrace:\n\tGetHandleVerifier [0x00007FF7BB7D3AB5+28005]\n\t(No symbol) [0x00007FF7BB7383B0]\n\t(No symbol) [0x00007FF7BB5D580A]\n\t(No symbol) [0x00007FF7BB625A3E]\n\t(No symbol) [0x00007FF7BB625D2C]\n\t(No symbol) [0x00007FF7BB66EA97]\n\t(No symbol) [0x00007FF7BB64BA7F]\n\t(No symbol) [0x00007FF7BB66B8B3]\n\t(No symbol) [0x00007FF7BB64B7E3]\n\t(No symbol) [0x00007FF7BB6175C8]\n\t(No symbol) [0x00007FF7BB618731]\n\tGetHandleVerifier [0x00007FF7BBAC643D+3118829]\n\tGetHandleVerifier [0x00007FF7BBB16C90+3448640]\n\tGetHandleVerifier [0x00007FF7BBB0CF0D+3408317]\n\tGetHandleVerifier [0x00007FF7BB89A40B+841403]\n\t(No symbol) [0x00007FF7BB74340F]\n\t(No symbol) [0x00007FF7BB73F484]\n\t(No symbol) [0x00007FF7BB73F61D]\n\t(No symbol) [0x00007FF7BB72EB79]\n\tBaseThreadInitThunk [0x00007FFB62457374+20]\n\tRtlUserThreadStart [0x00007FFB6373CC91+33]", "trace": "self = <tests.test_recov_pasw.TestPersonalAcc object at 0x0000026DBE242A50>, driver = <selenium.webdriver.chrome.webdriver.WebDriver (session=\"b225611244470c806aac75fdb4847013\")>\n\n    @allure.title('Проверка на переход по клику на \"Восстановить\" пароль на странице логина')\n    def test_go_to_password_recovery_page_by_clicking_recover_password_link(self, driver):\n        login_page = PswdPage(driver)\n>       login_page.click_recovery_button()\n\ntests\\test_recov_pasw.py:12: \n_ _ _ _ _ _ _ _ _ _ _ _ _ _ _ _ _ _ _ _ _ _ _ _ _ _ _ _ _ _ _ _ _ _ _ _ _ _ _ _ _ _ _ _ _ _ _ _ _ _ _ _ _ _ _ _ _ _ _ _ _ _ _ _ _ _ _ _ _ _ _ _ _ _ _ _ _ _ _ _ _ _ _ _ _ _ _ _ _ _ _ _ _ _ _ _ _ _ _ _ _ _ _ _ _ _ _ _ _ _ _ _ _ _ _ _\npages\\recov_pswd_page.py:17: in click_recovery_button\n    self.click_on_element(ResetPswdLocators.BUTTON_RESET)\npages\\base_page.py:23: in click_on_element\n    element = self.find_element_with_wait(locator)\npages\\base_page.py:18: in find_element_with_wait\n    WebDriverWait(self.driver, 15).until(EC.visibility_of_element_located(locator))\n_ _ _ _ _ _ _ _ _ _ _ _ _ _ _ _ _ _ _ _ _ _ _ _ _ _ _ _ _ _ _ _ _ _ _ _ _ _ _ _ _ _ _ _ _ _ _ _ _ _ _ _ _ _ _ _ _ _ _ _ _ _ _ _ _ _ _ _ _ _ _ _ _ _ _ _ _ _ _ _ _ _ _ _ _ _ _ _ _ _ _ _ _ _ _ _ _ _ _ _ _ _ _ _ _ _ _ _ _ _ _ _ _ _ _ _\n\nself = <selenium.webdriver.support.wait.WebDriverWait (session=\"b225611244470c806aac75fdb4847013\")>, method = <function visibility_of_element_located.<locals>._predicate at 0x0000026DBE4399E0>, message = ''\n\n    def until(self, method: Callable[[D], Union[Literal[False], T]], message: str = \"\") -> T:\n        \"\"\"Calls the method provided with the driver as an argument until the \\\n        return value does not evaluate to ``False``.\n    \n        :param method: callable(WebDriver)\n        :param message: optional message for :exc:`TimeoutException`\n        :returns: the result of the last call to `method`\n        :raises: :exc:`selenium.common.exceptions.TimeoutException` if timeout occurs\n        \"\"\"\n        screen = None\n        stacktrace = None\n    \n        end_time = time.monotonic() + self._timeout\n        while True:\n            try:\n                value = method(self._driver)\n                if value:\n                    return value\n            except self._ignored_exceptions as exc:\n                screen = getattr(exc, \"screen\", None)\n                stacktrace = getattr(exc, \"stacktrace\", None)\n            time.sleep(self._poll)\n            if time.monotonic() > end_time:\n                break\n>       raise TimeoutException(message, screen, stacktrace)\nE       selenium.common.exceptions.TimeoutException: Message: \nE       Stacktrace:\nE       \tGetHandleVerifier [0x00007FF7BB7D3AB5+28005]\nE       \t(No symbol) [0x00007FF7BB7383B0]\nE       \t(No symbol) [0x00007FF7BB5D580A]\nE       \t(No symbol) [0x00007FF7BB625A3E]\nE       \t(No symbol) [0x00007FF7BB625D2C]\nE       \t(No symbol) [0x00007FF7BB66EA97]\nE       \t(No symbol) [0x00007FF7BB64BA7F]\nE       \t(No symbol) [0x00007FF7BB66B8B3]\nE       \t(No symbol) [0x00007FF7BB64B7E3]\nE       \t(No symbol) [0x00007FF7BB6175C8]\nE       \t(No symbol) [0x00007FF7BB618731]\nE       \tGetHandleVerifier [0x00007FF7BBAC643D+3118829]\nE       \tGetHandleVerifier [0x00007FF7BBB16C90+3448640]\nE       \tGetHandleVerifier [0x00007FF7BBB0CF0D+3408317]\nE       \tGetHandleVerifier [0x00007FF7BB89A40B+841403]\nE       \t(No symbol) [0x00007FF7BB74340F]\nE       \t(No symbol) [0x00007FF7BB73F484]\nE       \t(No symbol) [0x00007FF7BB73F61D]\nE       \t(No symbol) [0x00007FF7BB72EB79]\nE       \tBaseThreadInitThunk [0x00007FFB62457374+20]\nE       \tRtlUserThreadStart [0x00007FFB6373CC91+33]\n\n..\\..\\..\\..\\AppData\\Local\\Programs\\Python\\Python312\\Lib\\site-packages\\selenium\\webdriver\\support\\wait.py:105: TimeoutException"}, "steps": [{"name": "Нажать Восстановить", "status": "broken", "statusDetails": {"message": "selenium.common.exceptions.TimeoutException: Message: \nStacktrace:\n\tGetHandleVerifier [0x00007FF7BB7D3AB5+28005]\n\t(No symbol) [0x00007FF7BB7383B0]\n\t(No symbol) [0x00007FF7BB5D580A]\n\t(No symbol) [0x00007FF7BB625A3E]\n\t(No symbol) [0x00007FF7BB625D2C]\n\t(No symbol) [0x00007FF7BB66EA97]\n\t(No symbol) [0x00007FF7BB64BA7F]\n\t(No symbol) [0x00007FF7BB66B8B3]\n\t(No symbol) [0x00007FF7BB64B7E3]\n\t(No symbol) [0x00007FF7BB6175C8]\n\t(No symbol) [0x00007FF7BB618731]\n\tGetHandleVerifier [0x00007FF7BBAC643D+3118829]\n\tGetHandleVerifier [0x00007FF7BBB16C90+3448640]\n\tGetHandleVerifier [0x00007FF7BBB0CF0D+3408317]\n\tGetHandleVerifier [0x00007FF7BB89A40B+841403]\n\t(No symbol) [0x00007FF7BB74340F]\n\t(No symbol) [0x00007FF7BB73F484]\n\t(No symbol) [0x00007FF7BB73F61D]\n\t(No symbol) [0x00007FF7BB72EB79]\n\tBaseThreadInitThunk [0x00007FFB62457374+20]\n\tRtlUserThreadStart [0x00007FFB6373CC91+33]\n\n", "trace": "  File \"C:\\Users\\Home PC\\AppData\\Local\\Programs\\Python\\Python312\\Lib\\site-packages\\allure_commons\\_allure.py\", line 192, in impl\n    return func(*a, **kw)\n           ^^^^^^^^^^^^^^\n  File \"C:\\Users\\Home PC\\Desktop\\Auto QA\\Diplom\\Diplom_3.0.0\\pages\\recov_pswd_page.py\", line 17, in click_recovery_button\n    self.click_on_element(ResetPswdLocators.BUTTON_RESET)\n  File \"C:\\Users\\Home PC\\AppData\\Local\\Programs\\Python\\Python312\\Lib\\site-packages\\allure_commons\\_allure.py\", line 192, in impl\n    return func(*a, **kw)\n           ^^^^^^^^^^^^^^\n  File \"C:\\Users\\Home PC\\Desktop\\Auto QA\\Diplom\\Diplom_3.0.0\\pages\\base_page.py\", line 23, in click_on_element\n    element = self.find_element_with_wait(locator)\n              ^^^^^^^^^^^^^^^^^^^^^^^^^^^^^^^^^^^^\n  File \"C:\\Users\\Home PC\\AppData\\Local\\Programs\\Python\\Python312\\Lib\\site-packages\\allure_commons\\_allure.py\", line 192, in impl\n    return func(*a, **kw)\n           ^^^^^^^^^^^^^^\n  File \"C:\\Users\\Home PC\\Desktop\\Auto QA\\Diplom\\Diplom_3.0.0\\pages\\base_page.py\", line 18, in find_element_with_wait\n    WebDriverWait(self.driver, 15).until(EC.visibility_of_element_located(locator))\n  File \"C:\\Users\\Home PC\\AppData\\Local\\Programs\\Python\\Python312\\Lib\\site-packages\\selenium\\webdriver\\support\\wait.py\", line 105, in until\n    raise TimeoutException(message, screen, stacktrace)\n"}, "steps": [{"name": "Нажать на элемент", "status": "broken", "statusDetails": {"message": "selenium.common.exceptions.TimeoutException: Message: \nStacktrace:\n\tGetHandleVerifier [0x00007FF7BB7D3AB5+28005]\n\t(No symbol) [0x00007FF7BB7383B0]\n\t(No symbol) [0x00007FF7BB5D580A]\n\t(No symbol) [0x00007FF7BB625A3E]\n\t(No symbol) [0x00007FF7BB625D2C]\n\t(No symbol) [0x00007FF7BB66EA97]\n\t(No symbol) [0x00007FF7BB64BA7F]\n\t(No symbol) [0x00007FF7BB66B8B3]\n\t(No symbol) [0x00007FF7BB64B7E3]\n\t(No symbol) [0x00007FF7BB6175C8]\n\t(No symbol) [0x00007FF7BB618731]\n\tGetHandleVerifier [0x00007FF7BBAC643D+3118829]\n\tGetHandleVerifier [0x00007FF7BBB16C90+3448640]\n\tGetHandleVerifier [0x00007FF7BBB0CF0D+3408317]\n\tGetHandleVerifier [0x00007FF7BB89A40B+841403]\n\t(No symbol) [0x00007FF7BB74340F]\n\t(No symbol) [0x00007FF7BB73F484]\n\t(No symbol) [0x00007FF7BB73F61D]\n\t(No symbol) [0x00007FF7BB72EB79]\n\tBaseThreadInitThunk [0x00007FFB62457374+20]\n\tRtlUserThreadStart [0x00007FFB6373CC91+33]\n\n", "trace": "  File \"C:\\Users\\Home PC\\AppData\\Local\\Programs\\Python\\Python312\\Lib\\site-packages\\allure_commons\\_allure.py\", line 192, in impl\n    return func(*a, **kw)\n           ^^^^^^^^^^^^^^\n  File \"C:\\Users\\Home PC\\Desktop\\Auto QA\\Diplom\\Diplom_3.0.0\\pages\\base_page.py\", line 23, in click_on_element\n    element = self.find_element_with_wait(locator)\n              ^^^^^^^^^^^^^^^^^^^^^^^^^^^^^^^^^^^^\n  File \"C:\\Users\\Home PC\\AppData\\Local\\Programs\\Python\\Python312\\Lib\\site-packages\\allure_commons\\_allure.py\", line 192, in impl\n    return func(*a, **kw)\n           ^^^^^^^^^^^^^^\n  File \"C:\\Users\\Home PC\\Desktop\\Auto QA\\Diplom\\Diplom_3.0.0\\pages\\base_page.py\", line 18, in find_element_with_wait\n    WebDriverWait(self.driver, 15).until(EC.visibility_of_element_located(locator))\n  File \"C:\\Users\\Home PC\\AppData\\Local\\Programs\\Python\\Python312\\Lib\\site-packages\\selenium\\webdriver\\support\\wait.py\", line 105, in until\n    raise TimeoutException(message, screen, stacktrace)\n"}, "steps": [{"name": "Найти элемент с ожиданием", "status": "broken", "statusDetails": {"message": "selenium.common.exceptions.TimeoutException: Message: \nStacktrace:\n\tGetHandleVerifier [0x00007FF7BB7D3AB5+28005]\n\t(No symbol) [0x00007FF7BB7383B0]\n\t(No symbol) [0x00007FF7BB5D580A]\n\t(No symbol) [0x00007FF7BB625A3E]\n\t(No symbol) [0x00007FF7BB625D2C]\n\t(No symbol) [0x00007FF7BB66EA97]\n\t(No symbol) [0x00007FF7BB64BA7F]\n\t(No symbol) [0x00007FF7BB66B8B3]\n\t(No symbol) [0x00007FF7BB64B7E3]\n\t(No symbol) [0x00007FF7BB6175C8]\n\t(No symbol) [0x00007FF7BB618731]\n\tGetHandleVerifier [0x00007FF7BBAC643D+3118829]\n\tGetHandleVerifier [0x00007FF7BBB16C90+3448640]\n\tGetHandleVerifier [0x00007FF7BBB0CF0D+3408317]\n\tGetHandleVerifier [0x00007FF7BB89A40B+841403]\n\t(No symbol) [0x00007FF7BB74340F]\n\t(No symbol) [0x00007FF7BB73F484]\n\t(No symbol) [0x00007FF7BB73F61D]\n\t(No symbol) [0x00007FF7BB72EB79]\n\tBaseThreadInitThunk [0x00007FFB62457374+20]\n\tRtlUserThreadStart [0x00007FFB6373CC91+33]\n\n", "trace": "  File \"C:\\Users\\Home PC\\AppData\\Local\\Programs\\Python\\Python312\\Lib\\site-packages\\allure_commons\\_allure.py\", line 192, in impl\n    return func(*a, **kw)\n           ^^^^^^^^^^^^^^\n  File \"C:\\Users\\Home PC\\Desktop\\Auto QA\\Diplom\\Diplom_3.0.0\\pages\\base_page.py\", line 18, in find_element_with_wait\n    WebDriverWait(self.driver, 15).until(EC.visibility_of_element_located(locator))\n  File \"C:\\Users\\Home PC\\AppData\\Local\\Programs\\Python\\Python312\\Lib\\site-packages\\selenium\\webdriver\\support\\wait.py\", line 105, in until\n    raise TimeoutException(message, screen, stacktrace)\n"}, "parameters": [{"name": "locator", "value": "['xpath', '//button[text()=\"Восстановить\"]']"}], "start": 1730056534869, "stop": 1730056550089}], "parameters": [{"name": "locator", "value": "['xpath', '//button[text()=\"Восстановить\"]']"}], "start": 1730056534869, "stop": 1730056550089}], "start": 1730056534869, "stop": 1730056550089}], "parameters": [{"name": "driver", "value": "'chrome'"}], "start": 1730056534869, "stop": 1730056550089, "uuid": "dd44b3d2-b047-48d0-80c0-e5886b7c226f", "historyId": "54ac09f0fbb11a11494eb4e9d193423d", "testCaseId": "78940d99137088a693e79e45c45ede89", "fullName": "tests.test_recov_pasw.TestPersonalAcc#test_go_to_password_recovery_page_by_clicking_recover_password_link", "labels": [{"name": "parentSuite", "value": "tests"}, {"name": "suite", "value": "test_recov_pasw"}, {"name": "subSuite", "value": "TestPersonalAcc"}, {"name": "host", "value": "DESKTOP-TS1EIDP"}, {"name": "thread", "value": "9664-MainThread"}, {"name": "framework", "value": "pytest"}, {"name": "language", "value": "cpython3"}, {"name": "package", "value": "tests.test_recov_pasw"}]}