{"name": "При создании нового заказа счётчик Выполнено за сегодня увеличивается", "status": "broken", "statusDetails": {"message": "selenium.common.exceptions.ElementClickInterceptedException: Message: element click intercepted: Element <button type=\"button\" class=\"Modal_modal__close_modified__3V5XS Modal_modal__close__TnseK\">...</button> is not clickable at point (771, 175). Other element would receive the click: <div class=\"Modal_modal_overlay__x2ZCr\"></div>\n  (Session info: chrome=130.0.6723.70)\nStacktrace:\n\tGetHandleVerifier [0x00007FF780D73AF5+28005]\n\t(No symbol) [0x00007FF780CD83F0]\n\t(No symbol) [0x00007FF780B7580A]\n\t(No symbol) [0x00007FF780BCD6CE]\n\t(No symbol) [0x00007FF780BCB16C]\n\t(No symbol) [0x00007FF780BC8628]\n\t(No symbol) [0x00007FF780BC785D]\n\t(No symbol) [0x00007FF780BB990E]\n\t(No symbol) [0x00007FF780BEBA3A]\n\t(No symbol) [0x00007FF780BB9246]\n\t(No symbol) [0x00007FF780BEBC50]\n\t(No symbol) [0x00007FF780C0B8B3]\n\t(No symbol) [0x00007FF780BEB7E3]\n\t(No symbol) [0x00007FF780BB75C8]\n\t(No symbol) [0x00007FF780BB8731]\n\tGetHandleVerifier [0x00007FF78106646D+3118813]\n\tGetHandleVerifier [0x00007FF7810B6CC0+3448624]\n\tGetHandleVerifier [0x00007FF7810ACF3D+3408301]\n\tGetHandleVerifier [0x00007FF780E3A44B+841403]\n\t(No symbol) [0x00007FF780CE344F]\n\t(No symbol) [0x00007FF780CDF4C4]\n\t(No symbol) [0x00007FF780CDF65D]\n\t(No symbol) [0x00007FF780CCEBB9]\n\tBaseThreadInitThunk [0x00007FFF0CF47374+20]\n\tRtlUserThreadStart [0x00007FFF0E95CC91+33]", "trace": "self = <tests.test_order.TestOrder object at 0x000001FFF491D6A0>, driver = <selenium.webdriver.chrome.webdriver.WebDriver (session=\"81d957b62f994f31d4ec93c39de5c74c\")>\n\n    @allure.title('При создании нового заказа счётчик Выполнено за сегодня увеличивается')\n    def test_daily_counter_order(self, driver):\n        login = LoginPage(driver)\n        login.get_url(Constants.URL_LOGIN)\n        login.login(\"gismo513@mail.ru\", \"123456789\")\n        create = MainPage(driver)\n        create.click_feed_orders_button()\n        order = OrderPage(driver)\n        counter_value = order.get_order_daily_count()\n        create.click_constructor_button()\n        create.add_filling_to_order()\n        create.click_create_order_button()\n        order.wait_loading_cross_button()\n>       order.click_cross_order()\n\ntests\\test_order.py:71: \n_ _ _ _ _ _ _ _ _ _ _ _ _ _ _ _ _ _ _ _ _ _ _ _ _ _ _ _ _ _ _ _ _ _ _ _ _ _ _ _ _ _ _ _ _ _ _ _ _ _ _ _ _ _ _ _ _ _ _ _ _ _ _ _ _ _ _ _ _ _ _ _ _ _ _ _ _ _ _ _ _ _ _ _ _ _ _ _ _ _ _ _ _ _ _ _ _ _ _ _ _ _ _ _ _ _ _ _ _ _ _ _ _ _ _ _\npages\\order_page.py:30: in click_cross_order\n    self.click_on_element(OrderPageLocators.CLOSE_MODAL_ORDER)\npages\\base_page.py:24: in click_on_element\n    element.click()\n..\\..\\..\\..\\AppData\\Local\\Programs\\Python\\Python312\\Lib\\site-packages\\selenium\\webdriver\\remote\\webelement.py:94: in click\n    self._execute(Command.CLICK_ELEMENT)\n..\\..\\..\\..\\AppData\\Local\\Programs\\Python\\Python312\\Lib\\site-packages\\selenium\\webdriver\\remote\\webelement.py:395: in _execute\n    return self._parent.execute(command, params)\n..\\..\\..\\..\\AppData\\Local\\Programs\\Python\\Python312\\Lib\\site-packages\\selenium\\webdriver\\remote\\webdriver.py:347: in execute\n    self.error_handler.check_response(response)\n_ _ _ _ _ _ _ _ _ _ _ _ _ _ _ _ _ _ _ _ _ _ _ _ _ _ _ _ _ _ _ _ _ _ _ _ _ _ _ _ _ _ _ _ _ _ _ _ _ _ _ _ _ _ _ _ _ _ _ _ _ _ _ _ _ _ _ _ _ _ _ _ _ _ _ _ _ _ _ _ _ _ _ _ _ _ _ _ _ _ _ _ _ _ _ _ _ _ _ _ _ _ _ _ _ _ _ _ _ _ _ _ _ _ _ _\n\nself = <selenium.webdriver.remote.errorhandler.ErrorHandler object at 0x000001FFF4F0A4E0>\nresponse = {'status': 400, 'value': '{\"value\":{\"error\":\"element click intercepted\",\"message\":\"element click intercepted: Element ...07FF780CCEBB9]\\\\n\\\\tBaseThreadInitThunk [0x00007FFF0CF47374+20]\\\\n\\\\tRtlUserThreadStart [0x00007FFF0E95CC91+33]\\\\n\"}}'}\n\n    def check_response(self, response: Dict[str, Any]) -> None:\n        \"\"\"Checks that a JSON response from the WebDriver does not have an\n        error.\n    \n        :Args:\n         - response - The JSON response from the WebDriver server as a dictionary\n           object.\n    \n        :Raises: If the response contains an error message.\n        \"\"\"\n        status = response.get(\"status\", None)\n        if not status or status == ErrorCode.SUCCESS:\n            return\n        value = None\n        message = response.get(\"message\", \"\")\n        screen: str = response.get(\"screen\", \"\")\n        stacktrace = None\n        if isinstance(status, int):\n            value_json = response.get(\"value\", None)\n            if value_json and isinstance(value_json, str):\n                import json\n    \n                try:\n                    value = json.loads(value_json)\n                    if len(value) == 1:\n                        value = value[\"value\"]\n                    status = value.get(\"error\", None)\n                    if not status:\n                        status = value.get(\"status\", ErrorCode.UNKNOWN_ERROR)\n                        message = value.get(\"value\") or value.get(\"message\")\n                        if not isinstance(message, str):\n                            value = message\n                            message = message.get(\"message\")\n                    else:\n                        message = value.get(\"message\", None)\n                except ValueError:\n                    pass\n    \n        exception_class: Type[WebDriverException]\n        e = ErrorCode()\n        error_codes = [item for item in dir(e) if not item.startswith(\"__\")]\n        for error_code in error_codes:\n            error_info = getattr(ErrorCode, error_code)\n            if isinstance(error_info, list) and status in error_info:\n                exception_class = getattr(ExceptionMapping, error_code, WebDriverException)\n                break\n        else:\n            exception_class = WebDriverException\n    \n        if not value:\n            value = response[\"value\"]\n        if isinstance(value, str):\n            raise exception_class(value)\n        if message == \"\" and \"message\" in value:\n            message = value[\"message\"]\n    \n        screen = None  # type: ignore[assignment]\n        if \"screen\" in value:\n            screen = value[\"screen\"]\n    \n        stacktrace = None\n        st_value = value.get(\"stackTrace\") or value.get(\"stacktrace\")\n        if st_value:\n            if isinstance(st_value, str):\n                stacktrace = st_value.split(\"\\n\")\n            else:\n                stacktrace = []\n                try:\n                    for frame in st_value:\n                        line = frame.get(\"lineNumber\", \"\")\n                        file = frame.get(\"fileName\", \"<anonymous>\")\n                        if line:\n                            file = f\"{file}:{line}\"\n                        meth = frame.get(\"methodName\", \"<anonymous>\")\n                        if \"className\" in frame:\n                            meth = f\"{frame['className']}.{meth}\"\n                        msg = \"    at %s (%s)\"\n                        msg = msg % (meth, file)\n                        stacktrace.append(msg)\n                except TypeError:\n                    pass\n        if exception_class == UnexpectedAlertPresentException:\n            alert_text = None\n            if \"data\" in value:\n                alert_text = value[\"data\"].get(\"text\")\n            elif \"alert\" in value:\n                alert_text = value[\"alert\"].get(\"text\")\n            raise exception_class(message, screen, stacktrace, alert_text)  # type: ignore[call-arg]  # mypy is not smart enough here\n>       raise exception_class(message, screen, stacktrace)\nE       selenium.common.exceptions.ElementClickInterceptedException: Message: element click intercepted: Element <button type=\"button\" class=\"Modal_modal__close_modified__3V5XS Modal_modal__close__TnseK\">...</button> is not clickable at point (771, 175). Other element would receive the click: <div class=\"Modal_modal_overlay__x2ZCr\"></div>\nE         (Session info: chrome=130.0.6723.70)\nE       Stacktrace:\nE       \tGetHandleVerifier [0x00007FF780D73AF5+28005]\nE       \t(No symbol) [0x00007FF780CD83F0]\nE       \t(No symbol) [0x00007FF780B7580A]\nE       \t(No symbol) [0x00007FF780BCD6CE]\nE       \t(No symbol) [0x00007FF780BCB16C]\nE       \t(No symbol) [0x00007FF780BC8628]\nE       \t(No symbol) [0x00007FF780BC785D]\nE       \t(No symbol) [0x00007FF780BB990E]\nE       \t(No symbol) [0x00007FF780BEBA3A]\nE       \t(No symbol) [0x00007FF780BB9246]\nE       \t(No symbol) [0x00007FF780BEBC50]\nE       \t(No symbol) [0x00007FF780C0B8B3]\nE       \t(No symbol) [0x00007FF780BEB7E3]\nE       \t(No symbol) [0x00007FF780BB75C8]\nE       \t(No symbol) [0x00007FF780BB8731]\nE       \tGetHandleVerifier [0x00007FF78106646D+3118813]\nE       \tGetHandleVerifier [0x00007FF7810B6CC0+3448624]\nE       \tGetHandleVerifier [0x00007FF7810ACF3D+3408301]\nE       \tGetHandleVerifier [0x00007FF780E3A44B+841403]\nE       \t(No symbol) [0x00007FF780CE344F]\nE       \t(No symbol) [0x00007FF780CDF4C4]\nE       \t(No symbol) [0x00007FF780CDF65D]\nE       \t(No symbol) [0x00007FF780CCEBB9]\nE       \tBaseThreadInitThunk [0x00007FFF0CF47374+20]\nE       \tRtlUserThreadStart [0x00007FFF0E95CC91+33]\n\n..\\..\\..\\..\\AppData\\Local\\Programs\\Python\\Python312\\Lib\\site-packages\\selenium\\webdriver\\remote\\errorhandler.py:229: ElementClickInterceptedException"}, "steps": [{"name": "Старт Драйвер", "status": "passed", "parameters": [{"name": "URL", "value": "'https://stellarburgers.nomoreparties.site/login'"}], "start": 1730237161612, "stop": 1730237166113}, {"name": "Ввод email", "status": "passed", "steps": [{"name": "Установить текст", "status": "passed", "steps": [{"name": "Найти элемент с ожиданием", "status": "passed", "parameters": [{"name": "locator", "value": "['name', 'name']"}], "start": 1730237166113, "stop": 1730237166137}], "parameters": [{"name": "locator", "value": "['name', 'name']"}, {"name": "text", "value": "'gismo513@mail.ru'"}], "start": 1730237166113, "stop": 1730237166205}], "parameters": [{"name": "email", "value": "'gismo513@mail.ru'"}], "start": 1730237166113, "stop": 1730237166205}, {"name": "Ввод пароль", "status": "passed", "steps": [{"name": "Установить текст", "status": "passed", "steps": [{"name": "Найти элемент с ожиданием", "status": "passed", "parameters": [{"name": "locator", "value": "['name', 'Пароль']"}], "start": 1730237166205, "stop": 1730237166228}], "parameters": [{"name": "locator", "value": "['name', 'Пароль']"}, {"name": "text", "value": "'123456789'"}], "start": 1730237166205, "stop": 1730237166272}], "parameters": [{"name": "pswd", "value": "'123456789'"}], "start": 1730237166205, "stop": 1730237166272}, {"name": "Нажать на кнопку Войти", "status": "passed", "steps": [{"name": "Нажать на элемент", "status": "passed", "steps": [{"name": "Найти элемент с ожиданием", "status": "passed", "parameters": [{"name": "locator", "value": "['xpath', \"//*[text()='Войти']\"]"}], "start": 1730237166272, "stop": 1730237166293}], "parameters": [{"name": "locator", "value": "['xpath', \"//*[text()='Войти']\"]"}], "start": 1730237166272, "stop": 1730237166327}], "start": 1730237166272, "stop": 1730237166327}, {"name": "Клик на кнопку 'Лента Заказов'", "status": "passed", "steps": [{"name": "Нажать на элемент", "status": "passed", "steps": [{"name": "Найти элемент с ожиданием", "status": "passed", "parameters": [{"name": "locator", "value": "('xpath', '//p[text()=\"Лента Заказов\"]/parent::a')"}], "start": 1730237166327, "stop": 1730237166351}], "parameters": [{"name": "locator", "value": "('xpath', '//p[text()=\"Лента Заказов\"]/parent::a')"}], "start": 1730237166327, "stop": 1730237167089}], "start": 1730237166327, "stop": 1730237167089}, {"name": "Получение общего количества заказов", "status": "passed", "steps": [{"name": "Получить текст с элемента", "status": "passed", "steps": [{"name": "Найти элемент с ожиданием", "status": "passed", "parameters": [{"name": "locator", "value": "['xpath', \"//p[text()='Выполнено за сегодня:']/following-sibling::p\"]"}], "start": 1730237167089, "stop": 1730237167657}], "parameters": [{"name": "locator", "value": "['xpath', \"//p[text()='Выполнено за сегодня:']/following-sibling::p\"]"}], "start": 1730237167089, "stop": 1730237167669}], "start": 1730237167089, "stop": 1730237167669}, {"name": "Клик на кнопку 'Конструктор'", "status": "passed", "steps": [{"name": "Нажать на элемент", "status": "passed", "steps": [{"name": "Найти элемент с ожиданием", "status": "passed", "parameters": [{"name": "locator", "value": "('xpath', '//p[text()=\"Конструктор\"]/parent::a')"}], "start": 1730237167669, "stop": 1730237167689}], "parameters": [{"name": "locator", "value": "('xpath', '//p[text()=\"Конструктор\"]/parent::a')"}], "start": 1730237167669, "stop": 1730237167728}], "start": 1730237167669, "stop": 1730237167728}, {"name": "Перетащить Булочку>", "status": "passed", "steps": [{"name": "Найти элемент с ожиданием", "status": "passed", "parameters": [{"name": "locator", "value": "('xpath', '//p[text()=\"Флюоресцентная булка R2-D3\"]')"}], "start": 1730237167728, "stop": 1730237167755}, {"name": "Найти элемент с ожиданием", "status": "passed", "parameters": [{"name": "locator", "value": "('xpath', \"//section[contains(@class, 'BurgerConstructor_basket')]\")"}], "start": 1730237167755, "stop": 1730237167776}], "start": 1730237167728, "stop": 1730237168337}, {"name": "Клик на кнопку \"Оформить заказ\"", "status": "passed", "steps": [{"name": "Нажать на элемент", "status": "passed", "steps": [{"name": "Найти элемент с ожиданием", "status": "passed", "parameters": [{"name": "locator", "value": "('xpath', '//button[text()=\"Оформить заказ\"]')"}], "start": 1730237168337, "stop": 1730237168358}], "parameters": [{"name": "locator", "value": "('xpath', '//button[text()=\"Оформить заказ\"]')"}], "start": 1730237168337, "stop": 1730237168389}], "start": 1730237168337, "stop": 1730237168389}, {"name": "Ожидание загрузки окна с ифнормацией о созданном заказе", "status": "passed", "start": 1730237168389, "stop": 1730237168916}, {"name": "Нажатие на крестик в окне с ифнормацией о созданном заказе", "status": "broken", "statusDetails": {"message": "selenium.common.exceptions.ElementClickInterceptedException: Message: element click intercepted: Element <button type=\"button\" class=\"Modal_modal__close_modified__3V5XS Modal_modal__close__TnseK\">...</button> is not clickable at point (771, 175). Other element would receive the click: <div class=\"Modal_modal_overlay__x2ZCr\"></div>\n  (Session info: chrome=130.0.6723.70)\nStacktrace:\n\tGetHandleVerifier [0x00007FF780D73AF5+28005]\n\t(No symbol) [0x00007FF780CD83F0]\n\t(No symbol) [0x00007FF780B7580A]\n\t(No symbol) [0x00007FF780BCD6CE]\n\t(No symbol) [0x00007FF780BCB16C]\n\t(No symbol) [0x00007FF780BC8628]\n\t(No symbol) [0x00007FF780BC785D]\n\t(No symbol) [0x00007FF780BB990E]\n\t(No symbol) [0x00007FF780BEBA3A]\n\t(No symbol) [0x00007FF780BB9246]\n\t(No symbol) [0x00007FF780BEBC50]\n\t(No symbol) [0x00007FF780C0B8B3]\n\t(No symbol) [0x00007FF780BEB7E3]\n\t(No symbol) [0x00007FF780BB75C8]\n\t(No symbol) [0x00007FF780BB8731]\n\tGetHandleVerifier [0x00007FF78106646D+3118813]\n\tGetHandleVerifier [0x00007FF7810B6CC0+3448624]\n\tGetHandleVerifier [0x00007FF7810ACF3D+3408301]\n\tGetHandleVerifier [0x00007FF780E3A44B+841403]\n\t(No symbol) [0x00007FF780CE344F]\n\t(No symbol) [0x00007FF780CDF4C4]\n\t(No symbol) [0x00007FF780CDF65D]\n\t(No symbol) [0x00007FF780CCEBB9]\n\tBaseThreadInitThunk [0x00007FFF0CF47374+20]\n\tRtlUserThreadStart [0x00007FFF0E95CC91+33]\n\n", "trace": "  File \"C:\\Users\\Home PC\\AppData\\Local\\Programs\\Python\\Python312\\Lib\\site-packages\\allure_commons\\_allure.py\", line 192, in impl\n    return func(*a, **kw)\n           ^^^^^^^^^^^^^^\n  File \"C:\\Users\\Home PC\\Desktop\\Auto QA\\Diplom_Musatov_Alexander_13\\Diplom_3.0.0\\pages\\order_page.py\", line 30, in click_cross_order\n    self.click_on_element(OrderPageLocators.CLOSE_MODAL_ORDER)\n  File \"C:\\Users\\Home PC\\AppData\\Local\\Programs\\Python\\Python312\\Lib\\site-packages\\allure_commons\\_allure.py\", line 192, in impl\n    return func(*a, **kw)\n           ^^^^^^^^^^^^^^\n  File \"C:\\Users\\Home PC\\Desktop\\Auto QA\\Diplom_Musatov_Alexander_13\\Diplom_3.0.0\\pages\\base_page.py\", line 24, in click_on_element\n    element.click()\n  File \"C:\\Users\\Home PC\\AppData\\Local\\Programs\\Python\\Python312\\Lib\\site-packages\\selenium\\webdriver\\remote\\webelement.py\", line 94, in click\n    self._execute(Command.CLICK_ELEMENT)\n  File \"C:\\Users\\Home PC\\AppData\\Local\\Programs\\Python\\Python312\\Lib\\site-packages\\selenium\\webdriver\\remote\\webelement.py\", line 395, in _execute\n    return self._parent.execute(command, params)\n           ^^^^^^^^^^^^^^^^^^^^^^^^^^^^^^^^^^^^^\n  File \"C:\\Users\\Home PC\\AppData\\Local\\Programs\\Python\\Python312\\Lib\\site-packages\\selenium\\webdriver\\remote\\webdriver.py\", line 347, in execute\n    self.error_handler.check_response(response)\n  File \"C:\\Users\\Home PC\\AppData\\Local\\Programs\\Python\\Python312\\Lib\\site-packages\\selenium\\webdriver\\remote\\errorhandler.py\", line 229, in check_response\n    raise exception_class(message, screen, stacktrace)\n"}, "steps": [{"name": "Нажать на элемент", "status": "broken", "statusDetails": {"message": "selenium.common.exceptions.ElementClickInterceptedException: Message: element click intercepted: Element <button type=\"button\" class=\"Modal_modal__close_modified__3V5XS Modal_modal__close__TnseK\">...</button> is not clickable at point (771, 175). Other element would receive the click: <div class=\"Modal_modal_overlay__x2ZCr\"></div>\n  (Session info: chrome=130.0.6723.70)\nStacktrace:\n\tGetHandleVerifier [0x00007FF780D73AF5+28005]\n\t(No symbol) [0x00007FF780CD83F0]\n\t(No symbol) [0x00007FF780B7580A]\n\t(No symbol) [0x00007FF780BCD6CE]\n\t(No symbol) [0x00007FF780BCB16C]\n\t(No symbol) [0x00007FF780BC8628]\n\t(No symbol) [0x00007FF780BC785D]\n\t(No symbol) [0x00007FF780BB990E]\n\t(No symbol) [0x00007FF780BEBA3A]\n\t(No symbol) [0x00007FF780BB9246]\n\t(No symbol) [0x00007FF780BEBC50]\n\t(No symbol) [0x00007FF780C0B8B3]\n\t(No symbol) [0x00007FF780BEB7E3]\n\t(No symbol) [0x00007FF780BB75C8]\n\t(No symbol) [0x00007FF780BB8731]\n\tGetHandleVerifier [0x00007FF78106646D+3118813]\n\tGetHandleVerifier [0x00007FF7810B6CC0+3448624]\n\tGetHandleVerifier [0x00007FF7810ACF3D+3408301]\n\tGetHandleVerifier [0x00007FF780E3A44B+841403]\n\t(No symbol) [0x00007FF780CE344F]\n\t(No symbol) [0x00007FF780CDF4C4]\n\t(No symbol) [0x00007FF780CDF65D]\n\t(No symbol) [0x00007FF780CCEBB9]\n\tBaseThreadInitThunk [0x00007FFF0CF47374+20]\n\tRtlUserThreadStart [0x00007FFF0E95CC91+33]\n\n", "trace": "  File \"C:\\Users\\Home PC\\AppData\\Local\\Programs\\Python\\Python312\\Lib\\site-packages\\allure_commons\\_allure.py\", line 192, in impl\n    return func(*a, **kw)\n           ^^^^^^^^^^^^^^\n  File \"C:\\Users\\Home PC\\Desktop\\Auto QA\\Diplom_Musatov_Alexander_13\\Diplom_3.0.0\\pages\\base_page.py\", line 24, in click_on_element\n    element.click()\n  File \"C:\\Users\\Home PC\\AppData\\Local\\Programs\\Python\\Python312\\Lib\\site-packages\\selenium\\webdriver\\remote\\webelement.py\", line 94, in click\n    self._execute(Command.CLICK_ELEMENT)\n  File \"C:\\Users\\Home PC\\AppData\\Local\\Programs\\Python\\Python312\\Lib\\site-packages\\selenium\\webdriver\\remote\\webelement.py\", line 395, in _execute\n    return self._parent.execute(command, params)\n           ^^^^^^^^^^^^^^^^^^^^^^^^^^^^^^^^^^^^^\n  File \"C:\\Users\\Home PC\\AppData\\Local\\Programs\\Python\\Python312\\Lib\\site-packages\\selenium\\webdriver\\remote\\webdriver.py\", line 347, in execute\n    self.error_handler.check_response(response)\n  File \"C:\\Users\\Home PC\\AppData\\Local\\Programs\\Python\\Python312\\Lib\\site-packages\\selenium\\webdriver\\remote\\errorhandler.py\", line 229, in check_response\n    raise exception_class(message, screen, stacktrace)\n"}, "steps": [{"name": "Найти элемент с ожиданием", "status": "passed", "parameters": [{"name": "locator", "value": "['xpath', \"//button[contains(@class, 'Modal_modal__close')][1]\"]"}], "start": 1730237168917, "stop": 1730237168933}], "parameters": [{"name": "locator", "value": "['xpath', \"//button[contains(@class, 'Modal_modal__close')][1]\"]"}], "start": 1730237168917, "stop": 1730237170011}], "start": 1730237168916, "stop": 1730237170011}], "parameters": [{"name": "driver", "value": "'chrome'"}], "start": 1730237161612, "stop": 1730237170012, "uuid": "3fb46648-ed90-47df-92c6-7fd7dcb662cc", "historyId": "6dbea846f9baa1afad45c5a978598a34", "testCaseId": "def5c8180a77c2757160bdfc65179da1", "fullName": "tests.test_order.TestOrder#test_daily_counter_order", "labels": [{"name": "parentSuite", "value": "tests"}, {"name": "suite", "value": "test_order"}, {"name": "subSuite", "value": "TestOrder"}, {"name": "host", "value": "DESKTOP-TS1EIDP"}, {"name": "thread", "value": "17356-MainThread"}, {"name": "framework", "value": "pytest"}, {"name": "language", "value": "cpython3"}, {"name": "package", "value": "tests.test_order"}]}